[[1;34mINFO[m] Scanning for projects...
[[1;34mINFO[m] 
[[1;34mINFO[m] [1m----------------------< [0;36mcom.examly:SpringBootEmp[0;1m >----------------------[m
[[1;34mINFO[m] [1mBuilding SpringBootEmp 0.0.1-SNAPSHOT[m
[[1;34mINFO[m] [1m--------------------------------[ jar ]---------------------------------[m
[[1;34mINFO[m] 
[[1;34mINFO[m] [1m>>> [0;32mspring-boot-maven-plugin:2.7.0:run[m [1m(default-cli)[0;1m > [0;1mtest-compile[m @ [36mSpringBootEmp[0;1m >>>[m
[[1;34mINFO[m] 
[[1;34mINFO[m] [1m--- [0;32mmaven-resources-plugin:3.2.0:resources[m [1m(default-resources)[m @ [36mSpringBootEmp[0;1m ---[m
[[1;34mINFO[m] Using 'UTF-8' encoding to copy filtered resources.
[[1;34mINFO[m] Using 'UTF-8' encoding to copy filtered properties files.
[[1;34mINFO[m] Copying 1 resource
[[1;34mINFO[m] Copying 0 resource
[[1;34mINFO[m] 
[[1;34mINFO[m] [1m--- [0;32mmaven-compiler-plugin:3.10.1:compile[m [1m(default-compile)[m @ [36mSpringBootEmp[0;1m ---[m
[[1;34mINFO[m] Nothing to compile - all classes are up to date
[[1;34mINFO[m] 
[[1;34mINFO[m] [1m--- [0;32mmaven-resources-plugin:3.2.0:testResources[m [1m(default-testResources)[m @ [36mSpringBootEmp[0;1m ---[m
[[1;34mINFO[m] Not copying test resources
[[1;34mINFO[m] 
[[1;34mINFO[m] [1m--- [0;32mmaven-compiler-plugin:3.10.1:testCompile[m [1m(default-testCompile)[m @ [36mSpringBootEmp[0;1m ---[m
[[1;34mINFO[m] Not compiling test sources
[[1;34mINFO[m] 
[[1;34mINFO[m] [1m<<< [0;32mspring-boot-maven-plugin:2.7.0:run[m [1m(default-cli)[0;1m < [0;1mtest-compile[m @ [36mSpringBootEmp[0;1m <<<[m
[[1;34mINFO[m] 
[[1;34mINFO[m] 
[[1;34mINFO[m] [1m--- [0;32mspring-boot-maven-plugin:2.7.0:run[m [1m(default-cli)[m @ [36mSpringBootEmp[0;1m ---[m
[[1;34mINFO[m] Attaching agents: []

  .   ____          _            __ _ _
 /\\ / ___'_ __ _ _(_)_ __  __ _ \ \ \ \
( ( )\___ | '_ | '_| | '_ \/ _` | \ \ \ \
 \\/  ___)| |_)| | | | | || (_| |  ) ) ) )
  '  |____| .__|_| |_|_| |_\__, | / / / /
 =========|_|==============|___/=/_/_/_/
 :: Spring Boot ::                (v2.7.0)

2025-10-26 13:49:48.427  INFO 17032 --- [           main] c.examly.springapp.SpringappApplication  : Starting SpringappApplication using Java 17.0.15 on dacacbcbbeebcdbccacabefaedacebfbdaeffceb-0 with PID 17032 (/home/coder/project/workspace/springapp/target/classes started by coder in /home/coder/project/workspace/springapp)
2025-10-26 13:49:48.428  INFO 17032 --- [           main] c.examly.springapp.SpringappApplication  : No active profile set, falling back to 1 default profile: "default"
2025-10-26 13:49:48.869  INFO 17032 --- [           main] .s.d.r.c.RepositoryConfigurationDelegate : Bootstrapping Spring Data JPA repositories in DEFAULT mode.
2025-10-26 13:49:48.897  INFO 17032 --- [           main] .s.d.r.c.RepositoryConfigurationDelegate : Finished Spring Data repository scanning in 21 ms. Found 1 JPA repository interfaces.
2025-10-26 13:49:49.239  INFO 17032 --- [           main] o.s.b.w.embedded.tomcat.TomcatWebServer  : Tomcat initialized with port(s): 8080 (http)
2025-10-26 13:49:49.246  INFO 17032 --- [           main] o.apache.catalina.core.StandardService   : Starting service [Tomcat]
2025-10-26 13:49:49.246  INFO 17032 --- [           main] org.apache.catalina.core.StandardEngine  : Starting Servlet engine: [Apache Tomcat/9.0.63]
2025-10-26 13:49:49.306  INFO 17032 --- [           main] o.a.c.c.C.[Tomcat].[localhost].[/]       : Initializing Spring embedded WebApplicationContext
2025-10-26 13:49:49.306  INFO 17032 --- [           main] w.s.c.ServletWebServerApplicationContext : Root WebApplicationContext: initialization completed in 849 ms
2025-10-26 13:49:49.409  INFO 17032 --- [           main] o.hibernate.jpa.internal.util.LogHelper  : HHH000204: Processing PersistenceUnitInfo [name: default]
2025-10-26 13:49:49.436  INFO 17032 --- [           main] org.hibernate.Version                    : HHH000412: Hibernate ORM core version 5.6.9.Final
2025-10-26 13:49:49.535  INFO 17032 --- [           main] o.hibernate.annotations.common.Version   : HCANN000001: Hibernate Commons Annotations {5.1.2.Final}
2025-10-26 13:49:49.589  INFO 17032 --- [           main] com.zaxxer.hikari.HikariDataSource       : HikariPool-1 - Starting...
2025-10-26 13:49:49.686  INFO 17032 --- [           main] com.zaxxer.hikari.HikariDataSource       : HikariPool-1 - Start completed.
2025-10-26 13:49:49.701  INFO 17032 --- [           main] org.hibernate.dialect.Dialect            : HHH000400: Using dialect: org.hibernate.dialect.MySQL8Dialect
Hibernate: drop table if exists customers
Hibernate: create table customers (id bigint not null auto_increment, company varchar(255), email varchar(255), name varchar(255), phone varchar(255), primary key (id)) engine=InnoDB
2025-10-26 13:49:50.050  INFO 17032 --- [           main] o.h.e.t.j.p.i.JtaPlatformInitiator       : HHH000490: Using JtaPlatform implementation: [org.hibernate.engine.transaction.jta.platform.internal.NoJtaPlatform]
2025-10-26 13:49:50.055  INFO 17032 --- [           main] j.LocalContainerEntityManagerFactoryBean : Initialized JPA EntityManagerFactory for persistence unit 'default'
2025-10-26 13:49:50.329  WARN 17032 --- [           main] JpaBaseConfiguration$JpaWebConfiguration : spring.jpa.open-in-view is enabled by default. Therefore, database queries may be performed during view rendering. Explicitly configure spring.jpa.open-in-view to disable this warning
2025-10-26 13:49:50.566  INFO 17032 --- [           main] o.s.b.w.embedded.tomcat.TomcatWebServer  : Tomcat started on port(s): 8080 (http) with context path ''
2025-10-26 13:49:50.684  INFO 17032 --- [           main] c.examly.springapp.SpringappApplication  : Started SpringappApplication in 2.463 seconds (JVM running for 2.645)
2025-10-26 13:59:09.200  INFO 17032 --- [nio-8080-exec-1] o.a.c.c.C.[Tomcat].[localhost].[/]       : Initializing Spring DispatcherServlet 'dispatcherServlet'
2025-10-26 13:59:09.201  INFO 17032 --- [nio-8080-exec-1] o.s.web.servlet.DispatcherServlet        : Initializing Servlet 'dispatcherServlet'
2025-10-26 13:59:09.202  INFO 17032 --- [nio-8080-exec-1] o.s.web.servlet.DispatcherServlet        : Completed initialization in 1 ms
Hibernate: select customer0_.id as id1_0_, customer0_.company as company2_0_, customer0_.email as email3_0_, customer0_.name as name4_0_, customer0_.phone as phone5_0_ from customers customer0_
Hibernate: select customer0_.id as id1_0_, customer0_.company as company2_0_, customer0_.email as email3_0_, customer0_.name as name4_0_, customer0_.phone as phone5_0_ from customers customer0_
Hibernate: insert into customers (company, email, name, phone) values (?, ?, ?, ?)
Hibernate: select customer0_.id as id1_0_, customer0_.company as company2_0_, customer0_.email as email3_0_, customer0_.name as name4_0_, customer0_.phone as phone5_0_ from customers customer0_
Hibernate: select customer0_.id as id1_0_0_, customer0_.company as company2_0_0_, customer0_.email as email3_0_0_, customer0_.name as name4_0_0_, customer0_.phone as phone5_0_0_ from customers customer0_ where customer0_.id=?
Hibernate: select customer0_.id as id1_0_, customer0_.company as company2_0_, customer0_.email as email3_0_, customer0_.name as name4_0_, customer0_.phone as phone5_0_ from customers customer0_
Hibernate: insert into customers (company, email, name, phone) values (?, ?, ?, ?)
Hibernate: select customer0_.id as id1_0_, customer0_.company as company2_0_, customer0_.email as email3_0_, customer0_.name as name4_0_, customer0_.phone as phone5_0_ from customers customer0_
Hibernate: select customer0_.id as id1_0_0_, customer0_.company as company2_0_0_, customer0_.email as email3_0_0_, customer0_.name as name4_0_0_, customer0_.phone as phone5_0_0_ from customers customer0_ where customer0_.id=?
Hibernate: delete from customers where id=?
Hibernate: select customer0_.id as id1_0_, customer0_.company as company2_0_, customer0_.email as email3_0_, customer0_.name as name4_0_, customer0_.phone as phone5_0_ from customers customer0_
Hibernate: select customer0_.id as id1_0_, customer0_.company as company2_0_, customer0_.email as email3_0_, customer0_.name as name4_0_, customer0_.phone as phone5_0_ from customers customer0_
Hibernate: select customer0_.id as id1_0_, customer0_.company as company2_0_, customer0_.email as email3_0_, customer0_.name as name4_0_, customer0_.phone as phone5_0_ from customers customer0_
2025-10-26 14:40:32.053  INFO 17032 --- [ionShutdownHook] j.LocalContainerEntityManagerFactoryBean : Closing JPA EntityManagerFactory for persistence unit 'default'
2025-10-26 14:40:32.055  INFO 17032 --- [ionShutdownHook] com.zaxxer.hikari.HikariDataSource       : HikariPool-1 - Shutdown initiated...
2025-10-26 14:40:32.061  INFO 17032 --- [ionShutdownHook] com.zaxxer.hikari.HikariDataSource       : HikariPool-1 - Shutdown completed.
